1611527810677	geckodriver	INFO	Listening on 127.0.0.1:50547
1611527811094	mozrunner::runner	INFO	Running command: "/Applications/Firefox.app/Contents/MacOS/firefox-bin" "--marionette" "-foreground" "-no-remote" "-profile" "/var/folders/fl/rkbnl80d77n87mxkmpwkpf900000gn/T/rust_mozprofilemq9UZN"
console.warn: SearchSettings: "get: No settings file exists, new profile?" (new Error("", "(unknown module)"))
1611527818967	Marionette	INFO	Listening on port 50560
1611527819061	Marionette	WARN	TLS certificate errors will be ignored for this session
1611529475729	Marionette	INFO	Stopped listening on port 50560

###!!! [Parent][RunMessage] Error: Channel closing: too late to send/recv, messages will be lost

1611535096751	geckodriver	INFO	Listening on 127.0.0.1:52127
1611535097781	mozrunner::runner	INFO	Running command: "/Applications/Firefox.app/Contents/MacOS/firefox-bin" "--marionette" "-foreground" "-no-remote" "-profile" "/var/folders/fl/rkbnl80d77n87mxkmpwkpf900000gn/T/rust_mozprofileKOPA1h"
console.warn: SearchSettings: "get: No settings file exists, new profile?" (new Error("", "(unknown module)"))
1611535105582	Marionette	INFO	Listening on port 52140
1611535105703	Marionette	WARN	TLS certificate errors will be ignored for this session
1611535106116	Marionette	INFO	Stopped listening on port 52140
JavaScript error: resource://activity-stream/lib/ASRouter.jsm, line 987: NS_ERROR_ILLEGAL_VALUE: Component returned failure code: 0x80070057 (NS_ERROR_ILLEGAL_VALUE) [nsIObserverService.removeObserver]
console.error: services.settings: 
  main/cfr Signature failed  TypeError: NetworkError when attempting to fetch resource.
1611535221328	geckodriver	INFO	Listening on 127.0.0.1:52249
1611535221351	mozrunner::runner	INFO	Running command: "/Applications/Firefox.app/Contents/MacOS/firefox-bin" "--marionette" "-foreground" "-no-remote" "-profile" "/var/folders/fl/rkbnl80d77n87mxkmpwkpf900000gn/T/rust_mozprofilegILvjf"
console.warn: SearchSettings: "get: No settings file exists, new profile?" (new Error("", "(unknown module)"))
1611535227525	Marionette	INFO	Listening on port 52254
1611535227629	Marionette	WARN	TLS certificate errors will be ignored for this session
1611535227952	Marionette	INFO	Stopped listening on port 52254
JavaScript error: resource://activity-stream/lib/ASRouter.jsm, line 987: NS_ERROR_ILLEGAL_VALUE: Component returned failure code: 0x80070057 (NS_ERROR_ILLEGAL_VALUE) [nsIObserverService.removeObserver]
console.error: services.settings: 
  main/message-groups Signature failed  TypeError: NetworkError when attempting to fetch resource.
console.error: services.settings: 
  main/fxmonitor-breaches Signature failed  TypeError: NetworkError when attempting to fetch resource.

###!!! [Parent][RunMessage] Error: Channel closing: too late to send/recv, messages will be lost

1611535606910	geckodriver	INFO	Listening on 127.0.0.1:52444
1611535607942	mozrunner::runner	INFO	Running command: "/Applications/Firefox.app/Contents/MacOS/firefox-bin" "--marionette" "-foreground" "-no-remote" "-profile" "/var/folders/fl/rkbnl80d77n87mxkmpwkpf900000gn/T/rust_mozprofilenVd1SN"
console.warn: SearchSettings: "get: No settings file exists, new profile?" (new Error("", "(unknown module)"))
1611535614909	Marionette	INFO	Listening on port 52451
1611535615061	Marionette	WARN	TLS certificate errors will be ignored for this session
1611535615964	Marionette	INFO	Stopped listening on port 52451
JavaScript error: resource://activity-stream/lib/ASRouter.jsm, line 987: NS_ERROR_ILLEGAL_VALUE: Component returned failure code: 0x80070057 (NS_ERROR_ILLEGAL_VALUE) [nsIObserverService.removeObserver]
JavaScript error: , line 0: AbortError: A request was aborted, for example through a call to IDBTransaction.abort.
1611536064127	geckodriver	INFO	Listening on 127.0.0.1:52657
1611536065150	mozrunner::runner	INFO	Running command: "/Applications/Firefox.app/Contents/MacOS/firefox-bin" "--marionette" "-foreground" "-no-remote" "-profile" "/var/folders/fl/rkbnl80d77n87mxkmpwkpf900000gn/T/rust_mozprofilex9cvOj"
console.warn: SearchSettings: "get: No settings file exists, new profile?" (new Error("", "(unknown module)"))
1611536072744	Marionette	INFO	Listening on port 52665
1611536072837	Marionette	WARN	TLS certificate errors will be ignored for this session
1611536073177	Marionette	INFO	Stopped listening on port 52665
JavaScript error: resource://activity-stream/lib/ASRouter.jsm, line 987: NS_ERROR_ILLEGAL_VALUE: Component returned failure code: 0x80070057 (NS_ERROR_ILLEGAL_VALUE) [nsIObserverService.removeObserver]
console.warn: services.settings: main/partitioning-exempt-urls sync interrupted by shutdown
1611536074202	geckodriver	INFO	Listening on 127.0.0.1:52762
1611536075224	mozrunner::runner	INFO	Running command: "/Applications/Firefox.app/Contents/MacOS/firefox-bin" "--marionette" "-foreground" "-no-remote" "-profile" "/var/folders/fl/rkbnl80d77n87mxkmpwkpf900000gn/T/rust_mozprofile95KJWf"
console.warn: SearchSettings: "get: No settings file exists, new profile?" (new Error("", "(unknown module)"))
1611536081582	Marionette	INFO	Listening on port 52769
1611536081726	Marionette	WARN	TLS certificate errors will be ignored for this session
1611536082112	Marionette	INFO	Stopped listening on port 52769
JavaScript error: resource://activity-stream/lib/ASRouter.jsm, line 987: NS_ERROR_ILLEGAL_VALUE: Component returned failure code: 0x80070057 (NS_ERROR_ILLEGAL_VALUE) [nsIObserverService.removeObserver]
console.warn: services.settings: main/partitioning-exempt-urls sync interrupted by shutdown

###!!! [Parent][RunMessage] Error: Channel closing: too late to send/recv, messages will be lost

